<?xml version="1.0" encoding="UTF-8"?>
<!-- Generated by org.testng.reporters.JUnitReportReporter -->
<testsuite skipped="0" hostname="WKWIN5627505" name="jdbc.test.MySqlTest" tests="1" failures="0" timestamp="2021-01-19T20:37:01 IST" time="0.909" errors="0">
  <testcase name="JdbcmySqlTest" time="0.909" classname="jdbc.test.MySqlTest"/>
  <system-out/>
</testsuite> <!-- jdbc.test.MySqlTest -->
